[debug] [2022-10-26T05:56:21.361Z] ----------------------------------------------------------------------
[debug] [2022-10-26T05:56:21.363Z] Command:       /usr/bin/node /usr/local/bin/firebase serve
[debug] [2022-10-26T05:56:21.364Z] CLI Version:   11.15.0
[debug] [2022-10-26T05:56:21.364Z] Platform:      linux
[debug] [2022-10-26T05:56:21.364Z] Node Version:  v18.7.0
[debug] [2022-10-26T05:56:21.364Z] Time:          Wed Oct 26 2022 01:56:21 GMT-0400 (Eastern Daylight Time)
[debug] [2022-10-26T05:56:21.365Z] ----------------------------------------------------------------------
[debug] 
[debug] [2022-10-26T05:56:21.454Z] > command requires scopes: ["email","openid","https://www.googleapis.com/auth/cloudplatformprojects.readonly","https://www.googleapis.com/auth/firebase","https://www.googleapis.com/auth/cloud-platform"]
[debug] [2022-10-26T05:56:21.454Z] > authorizing via signed-in user (rakib2046.md@gmail.com)
[debug] [2022-10-26T05:56:21.455Z] [iam] checking project assignment-10-d701a for permissions ["firebase.projects.get"]
[debug] [2022-10-26T05:56:21.457Z] >>> [apiv2][query] POST https://cloudresourcemanager.googleapis.com/v1/projects/assignment-10-d701a:testIamPermissions [none]
[debug] [2022-10-26T05:56:21.457Z] >>> [apiv2][(partial)header] POST https://cloudresourcemanager.googleapis.com/v1/projects/assignment-10-d701a:testIamPermissions x-goog-quota-user=projects/assignment-10-d701a
[debug] [2022-10-26T05:56:21.457Z] >>> [apiv2][body] POST https://cloudresourcemanager.googleapis.com/v1/projects/assignment-10-d701a:testIamPermissions {"permissions":["firebase.projects.get"]}
[debug] [2022-10-26T05:56:23.527Z] <<< [apiv2][status] POST https://cloudresourcemanager.googleapis.com/v1/projects/assignment-10-d701a:testIamPermissions 200
[debug] [2022-10-26T05:56:23.528Z] <<< [apiv2][body] POST https://cloudresourcemanager.googleapis.com/v1/projects/assignment-10-d701a:testIamPermissions {"permissions":["firebase.projects.get"]}
[debug] [2022-10-26T05:56:23.534Z] >>> [apiv2][query] GET https://firebase.googleapis.com/v1beta1/projects/assignment-10-d701a [none]
[debug] [2022-10-26T05:56:24.224Z] <<< [apiv2][status] GET https://firebase.googleapis.com/v1beta1/projects/assignment-10-d701a 200
[debug] [2022-10-26T05:56:24.224Z] <<< [apiv2][body] GET https://firebase.googleapis.com/v1beta1/projects/assignment-10-d701a {"projectId":"assignment-10-d701a","projectNumber":"69413148140","displayName":"assignment-10","name":"projects/assignment-10-d701a","resources":{"hostingSite":"assignment-10-d701a"},"state":"ACTIVE","etag":"1_9eb258ac-3f4d-4952-b645-07f30e2527e7"}
[info] 
[info] === Serving from '/home/mrb/Habloooo/Milestone10ReactAuthintication/Assignment10/assignment_10'...
[info] 
[debug] [2022-10-26T05:56:24.232Z] >>> [apiv2][query] GET https://firebasehosting.googleapis.com/v1beta1/projects/assignment-10-d701a/sites 
[debug] [2022-10-26T05:56:25.812Z] <<< [apiv2][status] GET https://firebasehosting.googleapis.com/v1beta1/projects/assignment-10-d701a/sites 200
[debug] [2022-10-26T05:56:25.812Z] <<< [apiv2][body] GET https://firebasehosting.googleapis.com/v1beta1/projects/assignment-10-d701a/sites {"sites":[{"name":"projects/assignment-10-d701a/sites/assignment-10-d701a","defaultUrl":"https://assignment-10-d701a.web.app","appId":"1:69413148140:web:862d13054e456645981cc9","type":"DEFAULT_SITE"}]}
[debug] [2022-10-26T05:56:25.814Z] >>> [apiv2][query] GET https://firebase.googleapis.com/v1beta1/projects/assignment-10-d701a/webApps/1:69413148140:web:862d13054e456645981cc9/config [none]
[debug] [2022-10-26T05:56:27.441Z] <<< [apiv2][status] GET https://firebase.googleapis.com/v1beta1/projects/assignment-10-d701a/webApps/1:69413148140:web:862d13054e456645981cc9/config 200
[debug] [2022-10-26T05:56:27.441Z] <<< [apiv2][body] GET https://firebase.googleapis.com/v1beta1/projects/assignment-10-d701a/webApps/1:69413148140:web:862d13054e456645981cc9/config {"projectId":"assignment-10-d701a","appId":"1:69413148140:web:862d13054e456645981cc9","storageBucket":"assignment-10-d701a.appspot.com","apiKey":"AIzaSyBWfUdazFRGlHckgwuBxLR7siZgG8brP90","authDomain":"assignment-10-d701a.firebaseapp.com","messagingSenderId":"69413148140"}
[debug] [2022-10-26T05:56:27.446Z] >>> [apiv2][query] GET https://firebase.googleapis.com/v1beta1/projects/assignment-10-d701a [none]
[debug] [2022-10-26T05:56:28.065Z] <<< [apiv2][status] GET https://firebase.googleapis.com/v1beta1/projects/assignment-10-d701a 200
[debug] [2022-10-26T05:56:28.066Z] <<< [apiv2][body] GET https://firebase.googleapis.com/v1beta1/projects/assignment-10-d701a {"projectId":"assignment-10-d701a","projectNumber":"69413148140","displayName":"assignment-10","name":"projects/assignment-10-d701a","resources":{"hostingSite":"assignment-10-d701a"},"state":"ACTIVE","etag":"1_9eb258ac-3f4d-4952-b645-07f30e2527e7"}
[info] i  hosting[assignment-10-d701a]: Serving hosting files from: build {"metadata":{"emulator":{"name":"hosting"},"message":"Serving hosting files from: \u001b[1mbuild\u001b[22m"}}
[info] ✔  hosting[assignment-10-d701a]: Local server: http://localhost:5000 {"metadata":{"emulator":{"name":"hosting"},"message":"Local server: \u001b[4m\u001b[1mhttp://localhost:5000\u001b[22m\u001b[24m"}}
